<?xml version="1.0" encoding="UTF-8"?>
<!-- Generated by org.testng.reporters.JUnitReportReporter -->
<testsuite hostname="DESKTOP-I86B4EQ" failures="0" tests="1" name="hrms.New" time="0.010" errors="0" timestamp="2023-03-10T12:59:03 IST" skipped="0">
  <testcase classname="hrms.New" name="main" time="0.010"/>
  <system-out/>
</testsuite> <!-- hrms.New -->
